# JRE version: OpenJDK Runtime Environment (8.0_242-b01) (build 1.8.0_242-release-1644-b01)
# Java VM: OpenJDK 64-Bit Server VM (25.242-b01 mixed mode windows-amd64 compressed oops)
Heap:
 PSYoungGen      total 299520K, used 94855K [0x00000000d5580000, 0x00000000e9600000, 0x0000000100000000)
  eden space 270848K, 33% used [0x00000000d5580000,0x00000000dad4be88,0x00000000e5e00000)
  from space 28672K, 17% used [0x00000000e5e00000,0x00000000e62d5e78,0x00000000e7a00000)
  to   space 27136K, 0% used [0x00000000e7b80000,0x00000000e7b80000,0x00000000e9600000)
 ParOldGen       total 205312K, used 93529K [0x0000000080000000, 0x000000008c880000, 0x00000000d5580000)
  object space 205312K, 45% used [0x0000000080000000,0x0000000085b56540,0x000000008c880000)
 Metaspace       used 102484K, capacity 107116K, committed 107416K, reserved 1142784K
  class space    used 13201K, capacity 14134K, committed 14256K, reserved 1048576K
GC Heap History (10 events):
Event: 2871.953 GC heap before
{Heap before GC invocations=29 (full 4):
 PSYoungGen      total 261632K, used 246350K [0x00000000d5580000, 0x00000000e7300000, 0x0000000100000000)
  eden space 231424K, 100% used [0x00000000d5580000,0x00000000e3780000,0x00000000e3780000)
  from space 30208K, 49% used [0x00000000e5380000,0x00000000e6213818,0x00000000e7100000)
  to   space 28672K, 0% used [0x00000000e3780000,0x00000000e3780000,0x00000000e5380000)
 ParOldGen       total 205312K, used 67913K [0x0000000080000000, 0x000000008c880000, 0x00000000d5580000)
  object space 205312K, 33% used [0x0000000080000000,0x0000000084252580,0x000000008c880000)
 Metaspace       used 101199K, capacity 105588K, committed 106008K, reserved 1140736K
  class space    used 13070K, capacity 13996K, committed 14128K, reserved 1048576K
Event: 2871.989 GC heap after
Heap after GC invocations=29 (full 4):
 PSYoungGen      total 260096K, used 4242K [0x00000000d5580000, 0x00000000e9800000, 0x0000000100000000)
  eden space 231424K, 0% used [0x00000000d5580000,0x00000000d5580000,0x00000000e3780000)
  from space 28672K, 14% used [0x00000000e3780000,0x00000000e3ba48d8,0x00000000e5380000)
  to   space 29184K, 0% used [0x00000000e7b80000,0x00000000e7b80000,0x00000000e9800000)
 ParOldGen       total 205312K, used 78828K [0x0000000080000000, 0x000000008c880000, 0x00000000d5580000)
  object space 205312K, 38% used [0x0000000080000000,0x0000000084cfb3b8,0x000000008c880000)
 Metaspace       used 101199K, capacity 105588K, committed 106008K, reserved 1140736K
  class space    used 13070K, capacity 13996K, committed 14128K, reserved 1048576K
}
Event: 2873.148 GC heap before
{Heap before GC invocations=30 (full 4):
 PSYoungGen      total 260096K, used 235666K [0x00000000d5580000, 0x00000000e9800000, 0x0000000100000000)
  eden space 231424K, 100% used [0x00000000d5580000,0x00000000e3780000,0x00000000e3780000)
  from space 28672K, 14% used [0x00000000e3780000,0x00000000e3ba48d8,0x00000000e5380000)
  to   space 29184K, 0% used [0x00000000e7b80000,0x00000000e7b80000,0x00000000e9800000)
 ParOldGen       total 205312K, used 78828K [0x0000000080000000, 0x000000008c880000, 0x00000000d5580000)
  object space 205312K, 38% used [0x0000000080000000,0x0000000084cfb3b8,0x000000008c880000)
 Metaspace       used 101235K, capacity 105592K, committed 106008K, reserved 1140736K
  class space    used 13070K, capacity 13996K, committed 14128K, reserved 1048576K
Event: 2873.171 GC heap after
Heap after GC invocations=30 (full 4):
 PSYoungGen      total 297984K, used 5376K [0x00000000d5580000, 0x00000000e9600000, 0x0000000100000000)
  eden space 270848K, 0% used [0x00000000d5580000,0x00000000d5580000,0x00000000e5e00000)
  from space 27136K, 19% used [0x00000000e7b80000,0x00000000e80c0010,0x00000000e9600000)
  to   space 28672K, 0% used [0x00000000e5e00000,0x00000000e5e00000,0x00000000e7a00000)
 ParOldGen       total 205312K, used 80650K [0x0000000080000000, 0x000000008c880000, 0x00000000d5580000)
  object space 205312K, 39% used [0x0000000080000000,0x0000000084ec2a70,0x000000008c880000)
 Metaspace       used 101235K, capacity 105592K, committed 106008K, reserved 1140736K
  class space    used 13070K, capacity 13996K, committed 14128K, reserved 1048576K
}
Event: 2874.689 GC heap before
{Heap before GC invocations=31 (full 4):
 PSYoungGen      total 297984K, used 276224K [0x00000000d5580000, 0x00000000e9600000, 0x0000000100000000)
  eden space 270848K, 100% used [0x00000000d5580000,0x00000000e5e00000,0x00000000e5e00000)
  from space 27136K, 19% used [0x00000000e7b80000,0x00000000e80c0010,0x00000000e9600000)
  to   space 28672K, 0% used [0x00000000e5e00000,0x00000000e5e00000,0x00000000e7a00000)
 ParOldGen       total 205312K, used 80650K [0x0000000080000000, 0x000000008c880000, 0x00000000d5580000)
  object space 205312K, 39% used [0x0000000080000000,0x0000000084ec2a70,0x000000008c880000)
 Metaspace       used 102133K, capacity 106672K, committed 107160K, reserved 1142784K
  class space    used 13176K, capacity 14104K, committed 14256K, reserved 1048576K
Event: 2874.728 GC heap after
Heap after GC invocations=31 (full 4):
 PSYoungGen      total 299520K, used 7751K [0x00000000d5580000, 0x00000000e9600000, 0x0000000100000000)
  eden space 270848K, 0% used [0x00000000d5580000,0x00000000d5580000,0x00000000e5e00000)
  from space 28672K, 27% used [0x00000000e5e00000,0x00000000e6591fa8,0x00000000e7a00000)
  to   space 27136K, 0% used [0x00000000e7b80000,0x00000000e7b80000,0x00000000e9600000)
 ParOldGen       total 205312K, used 82866K [0x0000000080000000, 0x000000008c880000, 0x00000000d5580000)
  object space 205312K, 40% used [0x0000000080000000,0x00000000850eca90,0x000000008c880000)
 Metaspace       used 102133K, capacity 106672K, committed 107160K, reserved 1142784K
  class space    used 13176K, capacity 14104K, committed 14256K, reserved 1048576K
}
Event: 2876.661 GC heap before
{Heap before GC invocations=32 (full 4):
 PSYoungGen      total 299520K, used 278599K [0x00000000d5580000, 0x00000000e9600000, 0x0000000100000000)
  eden space 270848K, 100% used [0x00000000d5580000,0x00000000e5e00000,0x00000000e5e00000)
  from space 28672K, 27% used [0x00000000e5e00000,0x00000000e6591fa8,0x00000000e7a00000)
  to   space 27136K, 0% used [0x00000000e7b80000,0x00000000e7b80000,0x00000000e9600000)
 ParOldGen       total 205312K, used 82866K [0x0000000080000000, 0x000000008c880000, 0x00000000d5580000)
  object space 205312K, 40% used [0x0000000080000000,0x00000000850eca90,0x000000008c880000)
 Metaspace       used 102448K, capacity 107046K, committed 107416K, reserved 1142784K
  class space    used 13200K, capacity 14133K, committed 14256K, reserved 1048576K
Event: 2876.711 GC heap after
Heap after GC invocations=32 (full 4):
 PSYoungGen      total 297984K, used 7656K [0x00000000d5580000, 0x00000000e9600000, 0x0000000100000000)
  eden space 270848K, 0% used [0x00000000d5580000,0x00000000d5580000,0x00000000e5e00000)
  from space 27136K, 28% used [0x00000000e7b80000,0x00000000e82fa0e0,0x00000000e9600000)
  to   space 28672K, 0% used [0x00000000e5e00000,0x00000000e5e00000,0x00000000e7a00000)
 ParOldGen       total 205312K, used 87389K [0x0000000080000000, 0x000000008c880000, 0x00000000d5580000)
  object space 205312K, 42% used [0x0000000080000000,0x00000000855576b8,0x000000008c880000)
 Metaspace       used 102448K, capacity 107046K, committed 107416K, reserved 1142784K
  class space    used 13200K, capacity 14133K, committed 14256K, reserved 1048576K
}
Event: 2878.478 GC heap before
{Heap before GC invocations=33 (full 4):
 PSYoungGen      total 297984K, used 278504K [0x00000000d5580000, 0x00000000e9600000, 0x0000000100000000)
  eden space 270848K, 100% used [0x00000000d5580000,0x00000000e5e00000,0x00000000e5e00000)
  from space 27136K, 28% used [0x00000000e7b80000,0x00000000e82fa0e0,0x00000000e9600000)
  to   space 28672K, 0% used [0x00000000e5e00000,0x00000000e5e00000,0x00000000e7a00000)
 ParOldGen       total 205312K, used 87389K [0x0000000080000000, 0x000000008c880000, 0x00000000d5580000)
  object space 205312K, 42% used [0x0000000080000000,0x00000000855576b8,0x000000008c880000)
 Metaspace       used 102481K, capacity 107112K, committed 107416K, reserved 1142784K
  class space    used 13201K, capacity 14134K, committed 14256K, reserved 1048576K
Event: 2878.505 GC heap after
Heap after GC invocations=33 (full 4):
 PSYoungGen      total 299520K, used 4951K [0x00000000d5580000, 0x00000000e9600000, 0x0000000100000000)
  eden space 270848K, 0% used [0x00000000d5580000,0x00000000d5580000,0x00000000e5e00000)
  from space 28672K, 17% used [0x00000000e5e00000,0x00000000e62d5e78,0x00000000e7a00000)
  to   space 27136K, 0% used [0x00000000e7b80000,0x00000000e7b80000,0x00000000e9600000)
 ParOldGen       total 205312K, used 93529K [0x0000000080000000, 0x000000008c880000, 0x00000000d5580000)
  object space 205312K, 45% used [0x0000000080000000,0x0000000085b56540,0x000000008c880000)
 Metaspace       used 102481K, capacity 107112K, committed 107416K, reserved 1142784K
  class space    used 13201K, capacity 14134K, committed 14256K, reserved 1048576K
}

